-------------------------------------------------------------------------------
Test set: com.jbk.api.SamsTrackApplicationTests
-------------------------------------------------------------------------------
Tests run: 1, Failures: 0, Errors: 1, Skipped: 0, Time elapsed: 0.3 s <<< FAILURE! - in com.jbk.api.SamsTrackApplicationTests
com.jbk.api.SamsTrackApplicationTests  Time elapsed: 0.299 s  <<< ERROR!
java.lang.IllegalStateException: Unable to find a @SpringBootConfiguration, you need to use @ContextConfiguration or @SpringBootTest(classes=...) with your test

